<?xml version="1.0" encoding="UTF-8"?>
<testng-results ignored="0" total="9" passed="9" failed="0" skipped="0">
  <reporter-output>
  </reporter-output>
  <suite started-at="2021-12-09T17:52:51 EST" name="Test Automation Regression Suite" finished-at="2021-12-09T17:53:14 EST" duration-ms="23406">
    <groups>
    </groups>
    <test started-at="2021-12-09T17:52:51 EST" name="Chrome Test" finished-at="2021-12-09T17:53:14 EST" duration-ms="23406">
      <class name="titleTest">
        <test-method is-config="true" signature="setup(java.lang.String)[pri:0, instance:titleTest@69b2283a]" started-at="2021-12-09T17:52:51 EST" name="setup" finished-at="2021-12-09T17:52:58 EST" duration-ms="7257" status="PASS">
          <params>
            <param index="0">
              <value>
                <![CDATA[chrome]]>
              </value>
            </param>
          </params>
          <reporter-output>
          </reporter-output>
        </test-method> <!-- setup -->
        <test-method signature="TestTitleAmazon()[pri:0, instance:titleTest@69b2283a]" started-at="2021-12-09T17:52:58 EST" name="TestTitleAmazon" finished-at="2021-12-09T17:53:02 EST" duration-ms="4287" status="PASS">
          <reporter-output>
          </reporter-output>
        </test-method> <!-- TestTitleAmazon -->
        <test-method signature="TestTitleAzure()[pri:0, instance:titleTest@69b2283a]" started-at="2021-12-09T17:53:02 EST" name="TestTitleAzure" finished-at="2021-12-09T17:53:04 EST" duration-ms="1728" status="PASS">
          <reporter-output>
          </reporter-output>
        </test-method> <!-- TestTitleAzure -->
        <test-method signature="TestTitleBrightSpace()[pri:0, instance:titleTest@69b2283a]" started-at="2021-12-09T17:53:04 EST" name="TestTitleBrightSpace" finished-at="2021-12-09T17:53:06 EST" duration-ms="1526" status="PASS">
          <reporter-output>
          </reporter-output>
        </test-method> <!-- TestTitleBrightSpace -->
        <test-method signature="TestTitleEbay()[pri:0, instance:titleTest@69b2283a]" started-at="2021-12-09T17:53:06 EST" name="TestTitleEbay" finished-at="2021-12-09T17:53:07 EST" duration-ms="1212" status="PASS">
          <reporter-output>
          </reporter-output>
        </test-method> <!-- TestTitleEbay -->
        <test-method signature="TestTitleFacebook()[pri:0, instance:titleTest@69b2283a]" started-at="2021-12-09T17:53:07 EST" name="TestTitleFacebook" finished-at="2021-12-09T17:53:08 EST" duration-ms="1012" status="PASS">
          <reporter-output>
          </reporter-output>
        </test-method> <!-- TestTitleFacebook -->
        <test-method signature="TestTitleGoogle()[pri:0, instance:titleTest@69b2283a]" started-at="2021-12-09T17:53:08 EST" name="TestTitleGoogle" finished-at="2021-12-09T17:53:09 EST" duration-ms="704" status="PASS">
          <reporter-output>
          </reporter-output>
        </test-method> <!-- TestTitleGoogle -->
        <test-method signature="TestTitleNyu()[pri:0, instance:titleTest@69b2283a]" started-at="2021-12-09T17:53:09 EST" name="TestTitleNyu" finished-at="2021-12-09T17:53:10 EST" duration-ms="1894" status="PASS">
          <reporter-output>
          </reporter-output>
        </test-method> <!-- TestTitleNyu -->
        <test-method signature="TestTitleOracle()[pri:0, instance:titleTest@69b2283a]" started-at="2021-12-09T17:53:10 EST" name="TestTitleOracle" finished-at="2021-12-09T17:53:13 EST" duration-ms="2321" status="PASS">
          <reporter-output>
          </reporter-output>
        </test-method> <!-- TestTitleOracle -->
        <test-method signature="TestTitleToolsqa()[pri:0, instance:titleTest@69b2283a]" started-at="2021-12-09T17:53:13 EST" name="TestTitleToolsqa" finished-at="2021-12-09T17:53:14 EST" duration-ms="1134" status="PASS">
          <reporter-output>
          </reporter-output>
        </test-method> <!-- TestTitleToolsqa -->
        <test-method is-config="true" signature="quitTest()[pri:0, instance:titleTest@69b2283a]" started-at="2021-12-09T17:53:14 EST" name="quitTest" finished-at="2021-12-09T17:53:14 EST" duration-ms="305" status="PASS">
          <reporter-output>
          </reporter-output>
        </test-method> <!-- quitTest -->
      </class> <!-- titleTest -->
    </test> <!-- Chrome Test -->
  </suite> <!-- Test Automation Regression Suite -->
</testng-results>
