<?xml version="1.0" encoding="UTF-8"?>
<testsuite xmlns:xsi="http://www.w3.org/2001/XMLSchema-instance" xsi:noNamespaceSchemaLocation="https://maven.apache.org/surefire/maven-surefire-plugin/xsd/surefire-test-report-3.0.xsd" version="3.0" name="TestSuite" time="23.799" tests="9" errors="0" skipped="0" failures="0">
  <properties>
[...]
</properties>
  <testcase name="TestTitleAmazon" classname="titleTest" time="4.286">
    <system-out><![CDATA[http://52.191.13.216:4444/wd/hub
Amazon.com. Spend less. Smile more.
]]></system-out>
    <system-err><![CDATA[Dec 09, 2021 5:52:51 PM org.openqa.selenium.remote.tracing.opentelemetry.OpenTelemetryTracer createTracer
INFO: Using OpenTelemetry for tracing
SLF4J: Failed to load class "org.slf4j.impl.StaticLoggerBinder".
SLF4J: Defaulting to no-operation (NOP) logger implementation
SLF4J: See http://www.slf4j.org/codes.html#StaticLoggerBinder for further details.
Dec 09, 2021 5:52:58 PM org.openqa.selenium.remote.ProtocolHandshake createSession
INFO: Detected dialect: W3C
]]></system-err>
  </testcase>
  <testcase name="TestTitleAzure" classname="titleTest" time="1.726">
    <system-out><![CDATA[Cloud Computing Services | Microsoft Azure
]]></system-out>
  </testcase>
  <testcase name="TestTitleBrightSpace" classname="titleTest" time="1.527">
    <system-out><![CDATA[D2L | Creators of the Brightspace Learning Management System Software (LMS Software)
]]></system-out>
  </testcase>
  <testcase name="TestTitleEbay" classname="titleTest" time="1.213">
    <system-out><![CDATA[Electronics, Cars, Fashion, Collectibles & More | eBay
]]></system-out>
  </testcase>
  <testcase name="TestTitleFacebook" classname="titleTest" time="1.012">
    <system-out><![CDATA[Facebook - Log In or Sign Up
]]></system-out>
  </testcase>
  <testcase name="TestTitleGoogle" classname="titleTest" time="0.705">
    <system-out><![CDATA[Google
]]></system-out>
  </testcase>
  <testcase name="TestTitleNyu" classname="titleTest" time="1.893">
    <system-out><![CDATA[NYU
]]></system-out>
  </testcase>
  <testcase name="TestTitleOracle" classname="titleTest" time="2.321">
    <system-out><![CDATA[Oracle | Cloud Applications and Cloud Platform
]]></system-out>
  </testcase>
  <testcase name="TestTitleToolsqa" classname="titleTest" time="1.135">
    <system-out><![CDATA[Tools QA
]]></system-out>
  </testcase>
</testsuite>