<?xml version="1.0" encoding="UTF-8"?>
<!-- Generated by org.testng.reporters.JUnitXMLReporter -->
<testsuite ignored="0" hostname="DESKTOP-7TU0NST" failures="0" tests="9" name="Chrome Test" time="23.406" errors="0" timestamp="2021-12-09T17:53:14 EST">
  <testcase classname="titleTest" name="TestTitleAmazon" time="4.287"/>
  <testcase classname="titleTest" name="TestTitleAzure" time="1.728"/>
  <testcase classname="titleTest" name="TestTitleBrightSpace" time="1.526"/>
  <testcase classname="titleTest" name="TestTitleEbay" time="1.212"/>
  <testcase classname="titleTest" name="TestTitleFacebook" time="1.012"/>
  <testcase classname="titleTest" name="TestTitleGoogle" time="0.704"/>
  <testcase classname="titleTest" name="TestTitleNyu" time="1.894"/>
  <testcase classname="titleTest" name="TestTitleOracle" time="2.321"/>
  <testcase classname="titleTest" name="TestTitleToolsqa" time="1.134"/>
</testsuite> <!-- Chrome Test -->
